<?xml version="1.0" encoding="UTF-8"?>
<!-- Generated by org.testng.reporters.JUnitReportReporter -->
<testsuite ignored="0" hostname="HAKUSHWA-7410" failures="0" tests="10" name="test.wordpress.testcases.WordPressMyProfile" time="151.041" errors="0" timestamp="25 Feb 2022 14:38:59 GMT" skipped="0">
  <testcase classname="test.wordpress.testcases.WordPressMyProfile" name="showGravatarProfile" time="0.339"/>
  <testcase classname="test.wordpress.testcases.WordPressMyProfile" name="update_AboutMe" time="5.640"/>
  <testcase classname="test.wordpress.testcases.WordPressMyProfile" name="cancelSiteCreation" time="12.639"/>
  <testcase classname="test.wordpress.testcases.WordPressMyProfile" name="deletionOfURL" time="10.534"/>
  <testcase classname="test.wordpress.testcases.WordPressMyProfile" name="hideGravatarProfile" time="10.990"/>
  <testcase classname="test.wordpress.testcases.WordPressMyProfile" name="additonOfURL" time="67.989"/>
  <testcase classname="test.wordpress.testcases.WordPressMyProfile" name="cancelAdditonOfURL" time="18.205"/>
  <testcase classname="test.wordpress.testcases.WordPressMyProfile" name="loginApplication" time="7.613"/>
  <testcase classname="test.wordpress.testcases.WordPressMyProfile" name="update_ProfileInfo" time="6.466"/>
  <testcase classname="test.wordpress.testcases.WordPressMyProfile" name="siteCreation" time="10.626"/>
</testsuite> <!-- test.wordpress.testcases.WordPressMyProfile -->
