<?xml version="1.0" encoding="UTF-8"?>
<!-- Generated by org.testng.reporters.JUnitReportReporter -->
<testsuite ignored="0" hostname="HAKUSHWA-7410" failures="0" tests="5" name="test.wordpress.testcases.WordPressMyProfile" time="95.014" errors="0" timestamp="24 Feb 2022 13:50:28 GMT" skipped="0">
  <testcase classname="test.wordpress.testcases.WordPressMyProfile" name="update_ProfileInfo" time="5.555"/>
  <testcase classname="test.wordpress.testcases.WordPressMyProfile" name="additonOfURL" time="67.531"/>
  <testcase classname="test.wordpress.testcases.WordPressMyProfile" name="update_AboutMe" time="5.418"/>
  <testcase classname="test.wordpress.testcases.WordPressMyProfile" name="loginApplication" time="6.221"/>
  <testcase classname="test.wordpress.testcases.WordPressMyProfile" name="deletionOfURL" time="10.289"/>
</testsuite> <!-- test.wordpress.testcases.WordPressMyProfile -->
